<?xml version="1.0" encoding="UTF-8" ?>
<testsuite tests="1" failures="0" name="CuentaJPATest" time="58,568.515" errors="1" skipped="0">
  <properties>
[...]
</properties>
  <testcase classname="CuentaJPATest" name="actualizarCuenta" time="58,566.274">
    <error message="Exception [EclipseLink-4002] (Eclipse Persistence Services - 2.5.2.v20140319-9ad6abd): org.eclipse.persistence.exceptions.DatabaseException
Internal Exception: com.mysql.jdbc.exceptions.jdbc4.MySQLIntegrityConstraintViolationException: Column &apos;NUMERO_DOCUMENTO&apos; cannot be null
Error Code: 1048
Call: INSERT INTO cuenta (PRIMER_APELLIDO, PRIMER_NOMBRE, SEGUNDO_APELLIDO, SEGUNDO_NOMBRE, USUARIO, TIPO_DOCUMENTO, NUMERO_DOCUMENTO, USUARIO_ID_USUARIO) VALUES (?, ?, ?, ?, ?, ?, ?, ?)
	bind =&gt; [8 parameters bound]
Query: InsertObjectQuery(edu.co.sena.tennisshop.integracion.jpa.entitis.Cuenta[ cuentaPK=edu.co.sena.tennisshop.integracion.jpa.entitis.CuentaPK[ tipoDocumento=cc, numeroDocumento=null ] ])" type="javax.persistence.RollbackException">javax.persistence.RollbackException: Exception [EclipseLink-4002] (Eclipse Persistence Services - 2.5.2.v20140319-9ad6abd): org.eclipse.persistence.exceptions.DatabaseException
Internal Exception: com.mysql.jdbc.exceptions.jdbc4.MySQLIntegrityConstraintViolationException: Column &apos;NUMERO_DOCUMENTO&apos; cannot be null
Error Code: 1048
Call: INSERT INTO cuenta (PRIMER_APELLIDO, PRIMER_NOMBRE, SEGUNDO_APELLIDO, SEGUNDO_NOMBRE, USUARIO, TIPO_DOCUMENTO, NUMERO_DOCUMENTO, USUARIO_ID_USUARIO) VALUES (?, ?, ?, ?, ?, ?, ?, ?)
	bind =&gt; [8 parameters bound]
Query: InsertObjectQuery(edu.co.sena.tennisshop.integracion.jpa.entitis.Cuenta[ cuentaPK=edu.co.sena.tennisshop.integracion.jpa.entitis.CuentaPK[ tipoDocumento=cc, numeroDocumento=null ] ])
	at org.eclipse.persistence.internal.jpa.transaction.EntityTransactionImpl.commit(EntityTransactionImpl.java:157)
	at edu.co.sena.jpa.util.EntityManagerHelper.commit(EntityManagerHelper.java:59)
	at CuentaJPATest.actualizarCuenta(CuentaJPATest.java:86)
	at sun.reflect.NativeMethodAccessorImpl.invoke0(Native Method)
	at sun.reflect.NativeMethodAccessorImpl.invoke(NativeMethodAccessorImpl.java:62)
	at sun.reflect.DelegatingMethodAccessorImpl.invoke(DelegatingMethodAccessorImpl.java:43)
	at java.lang.reflect.Method.invoke(Method.java:483)
	at org.junit.runners.model.FrameworkMethod$1.runReflectiveCall(FrameworkMethod.java:45)
	at org.junit.internal.runners.model.ReflectiveCallable.run(ReflectiveCallable.java:15)
	at org.junit.runners.model.FrameworkMethod.invokeExplosively(FrameworkMethod.java:42)
	at org.junit.internal.runners.statements.InvokeMethod.evaluate(InvokeMethod.java:20)
	at org.junit.internal.runners.statements.RunBefores.evaluate(RunBefores.java:28)
	at org.junit.internal.runners.statements.RunAfters.evaluate(RunAfters.java:30)
	at org.junit.runners.ParentRunner.runLeaf(ParentRunner.java:263)
	at org.junit.runners.BlockJUnit4ClassRunner.runChild(BlockJUnit4ClassRunner.java:68)
	at org.junit.runners.BlockJUnit4ClassRunner.runChild(BlockJUnit4ClassRunner.java:47)
	at org.junit.runners.ParentRunner$3.run(ParentRunner.java:231)
	at org.junit.runners.ParentRunner$1.schedule(ParentRunner.java:60)
	at org.junit.runners.ParentRunner.runChildren(ParentRunner.java:229)
	at org.junit.runners.ParentRunner.access$000(ParentRunner.java:50)
	at org.junit.runners.ParentRunner$2.evaluate(ParentRunner.java:222)
	at org.junit.internal.runners.statements.RunBefores.evaluate(RunBefores.java:28)
	at org.junit.internal.runners.statements.RunAfters.evaluate(RunAfters.java:30)
	at org.junit.runners.ParentRunner.run(ParentRunner.java:300)
	at org.apache.maven.surefire.junit4.JUnit4TestSet.execute(JUnit4TestSet.java:45)
	at org.apache.maven.surefire.junit4.JUnit4Provider.executeTestSet(JUnit4Provider.java:123)
	at org.apache.maven.surefire.junit4.JUnit4Provider.invoke(JUnit4Provider.java:104)
	at sun.reflect.NativeMethodAccessorImpl.invoke0(Native Method)
	at sun.reflect.NativeMethodAccessorImpl.invoke(NativeMethodAccessorImpl.java:62)
	at sun.reflect.DelegatingMethodAccessorImpl.invoke(DelegatingMethodAccessorImpl.java:43)
	at java.lang.reflect.Method.invoke(Method.java:483)
	at org.apache.maven.surefire.util.ReflectionUtils.invokeMethodWithArray(ReflectionUtils.java:164)
	at org.apache.maven.surefire.booter.ProviderFactory$ProviderProxy.invoke(ProviderFactory.java:110)
	at org.apache.maven.surefire.booter.SurefireStarter.invokeProvider(SurefireStarter.java:175)
	at org.apache.maven.surefire.booter.SurefireStarter.runSuitesInProcessWhenForked(SurefireStarter.java:107)
	at org.apache.maven.surefire.booter.ForkedBooter.main(ForkedBooter.java:68)
Caused by: Exception [EclipseLink-4002] (Eclipse Persistence Services - 2.5.2.v20140319-9ad6abd): org.eclipse.persistence.exceptions.DatabaseException
Internal Exception: com.mysql.jdbc.exceptions.jdbc4.MySQLIntegrityConstraintViolationException: Column &apos;NUMERO_DOCUMENTO&apos; cannot be null
Error Code: 1048
Call: INSERT INTO cuenta (PRIMER_APELLIDO, PRIMER_NOMBRE, SEGUNDO_APELLIDO, SEGUNDO_NOMBRE, USUARIO, TIPO_DOCUMENTO, NUMERO_DOCUMENTO, USUARIO_ID_USUARIO) VALUES (?, ?, ?, ?, ?, ?, ?, ?)
	bind =&gt; [8 parameters bound]
Query: InsertObjectQuery(edu.co.sena.tennisshop.integracion.jpa.entitis.Cuenta[ cuentaPK=edu.co.sena.tennisshop.integracion.jpa.entitis.CuentaPK[ tipoDocumento=cc, numeroDocumento=null ] ])
	at org.eclipse.persistence.exceptions.DatabaseException.sqlException(DatabaseException.java:331)
	at org.eclipse.persistence.internal.databaseaccess.DatabaseAccessor.executeDirectNoSelect(DatabaseAccessor.java:900)
	at org.eclipse.persistence.internal.databaseaccess.DatabaseAccessor.executeNoSelect(DatabaseAccessor.java:962)
	at org.eclipse.persistence.internal.databaseaccess.DatabaseAccessor.basicExecuteCall(DatabaseAccessor.java:631)
	at org.eclipse.persistence.internal.databaseaccess.DatabaseAccessor.executeCall(DatabaseAccessor.java:558)
	at org.eclipse.persistence.internal.sessions.AbstractSession.basicExecuteCall(AbstractSession.java:2002)
	at org.eclipse.persistence.sessions.server.ClientSession.executeCall(ClientSession.java:298)
	at org.eclipse.persistence.internal.queries.DatasourceCallQueryMechanism.executeCall(DatasourceCallQueryMechanism.java:242)
	at org.eclipse.persistence.internal.queries.DatasourceCallQueryMechanism.executeCall(DatasourceCallQueryMechanism.java:228)
	at org.eclipse.persistence.internal.queries.DatasourceCallQueryMechanism.insertObject(DatasourceCallQueryMechanism.java:377)
	at org.eclipse.persistence.internal.queries.StatementQueryMechanism.insertObject(StatementQueryMechanism.java:165)
	at org.eclipse.persistence.internal.queries.StatementQueryMechanism.insertObject(StatementQueryMechanism.java:180)
	at org.eclipse.persistence.internal.queries.DatabaseQueryMechanism.insertObjectForWrite(DatabaseQueryMechanism.java:489)
	at org.eclipse.persistence.queries.InsertObjectQuery.executeCommit(InsertObjectQuery.java:80)
	at org.eclipse.persistence.queries.InsertObjectQuery.executeCommitWithChangeSet(InsertObjectQuery.java:90)
	at org.eclipse.persistence.internal.queries.DatabaseQueryMechanism.executeWriteWithChangeSet(DatabaseQueryMechanism.java:301)
	at org.eclipse.persistence.queries.WriteObjectQuery.executeDatabaseQuery(WriteObjectQuery.java:58)
	at org.eclipse.persistence.queries.DatabaseQuery.execute(DatabaseQuery.java:899)
	at org.eclipse.persistence.queries.DatabaseQuery.executeInUnitOfWork(DatabaseQuery.java:798)
	at org.eclipse.persistence.queries.ObjectLevelModifyQuery.executeInUnitOfWorkObjectLevelModifyQuery(ObjectLevelModifyQuery.java:108)
	at org.eclipse.persistence.queries.ObjectLevelModifyQuery.executeInUnitOfWork(ObjectLevelModifyQuery.java:85)
	at org.eclipse.persistence.internal.sessions.UnitOfWorkImpl.internalExecuteQuery(UnitOfWorkImpl.java:2896)
	at org.eclipse.persistence.internal.sessions.AbstractSession.executeQuery(AbstractSession.java:1804)
	at org.eclipse.persistence.internal.sessions.AbstractSession.executeQuery(AbstractSession.java:1786)
	at org.eclipse.persistence.internal.sessions.AbstractSession.executeQuery(AbstractSession.java:1737)
	at org.eclipse.persistence.internal.sessions.CommitManager.commitNewObjectsForClassWithChangeSet(CommitManager.java:226)
	at org.eclipse.persistence.internal.sessions.CommitManager.commitAllObjectsWithChangeSet(CommitManager.java:125)
	at org.eclipse.persistence.internal.sessions.AbstractSession.writeAllObjectsWithChangeSet(AbstractSession.java:4207)
	at org.eclipse.persistence.internal.sessions.UnitOfWorkImpl.commitToDatabase(UnitOfWorkImpl.java:1441)
	at org.eclipse.persistence.internal.sessions.UnitOfWorkImpl.commitToDatabaseWithChangeSet(UnitOfWorkImpl.java:1531)
	at org.eclipse.persistence.internal.sessions.RepeatableWriteUnitOfWork.commitRootUnitOfWork(RepeatableWriteUnitOfWork.java:277)
	at org.eclipse.persistence.internal.sessions.UnitOfWorkImpl.commitAndResume(UnitOfWorkImpl.java:1169)
	at org.eclipse.persistence.internal.jpa.transaction.EntityTransactionImpl.commit(EntityTransactionImpl.java:132)
	... 35 more
Caused by: com.mysql.jdbc.exceptions.jdbc4.MySQLIntegrityConstraintViolationException: Column &apos;NUMERO_DOCUMENTO&apos; cannot be null
	at sun.reflect.NativeConstructorAccessorImpl.newInstance0(Native Method)
	at sun.reflect.NativeConstructorAccessorImpl.newInstance(NativeConstructorAccessorImpl.java:62)
	at sun.reflect.DelegatingConstructorAccessorImpl.newInstance(DelegatingConstructorAccessorImpl.java:45)
	at java.lang.reflect.Constructor.newInstance(Constructor.java:408)
	at com.mysql.jdbc.Util.handleNewInstance(Util.java:411)
	at com.mysql.jdbc.Util.getInstance(Util.java:386)
	at com.mysql.jdbc.SQLError.createSQLException(SQLError.java:1040)
	at com.mysql.jdbc.MysqlIO.checkErrorPacket(MysqlIO.java:4120)
	at com.mysql.jdbc.MysqlIO.checkErrorPacket(MysqlIO.java:4052)
	at com.mysql.jdbc.MysqlIO.sendCommand(MysqlIO.java:2503)
	at com.mysql.jdbc.MysqlIO.sqlQueryDirect(MysqlIO.java:2664)
	at com.mysql.jdbc.ConnectionImpl.execSQL(ConnectionImpl.java:2794)
	at com.mysql.jdbc.PreparedStatement.executeInternal(PreparedStatement.java:2155)
	at com.mysql.jdbc.PreparedStatement.executeUpdate(PreparedStatement.java:2458)
	at com.mysql.jdbc.PreparedStatement.executeUpdate(PreparedStatement.java:2375)
	at com.mysql.jdbc.PreparedStatement.executeUpdate(PreparedStatement.java:2359)
	at org.eclipse.persistence.internal.databaseaccess.DatabaseAccessor.executeDirectNoSelect(DatabaseAccessor.java:890)
	... 66 more
</error>
    <system-out>[EL Info]: 2015-04-21 12:34:57.642--ServerSession(32433008)--EclipseLink, version: Eclipse Persistence Services - 2.5.2.v20140319-9ad6abd
[EL Info]: connection: 2015-04-21 12:35:16.709--ServerSession(32433008)--file:/C:/Users/ADMIN/Documents/EJERCICIOS5TRIMESTRE/EjerccioJPAclases/target/classes/_edu.co.sena_EjerccioJPAclases_jar_1.0-SNAPSHOTPU login successful
[EL Fine]: sql: 2015-04-21 12:35:26.863--ServerSession(32433008)--Connection(31294645)--SELECT ID_USUARIO, ACTIVO, CONTRASENA, CORREO_ELECTRONICO, ROL FROM usuario WHERE (ID_USUARIO = ?)
	bind =&gt; [1 parameter bound]
[EL Fine]: sql: 2015-04-21 12:35:31.643--ClientSession(25429146)--Connection(31294645)--INSERT INTO cuenta (PRIMER_APELLIDO, PRIMER_NOMBRE, SEGUNDO_APELLIDO, SEGUNDO_NOMBRE, USUARIO, TIPO_DOCUMENTO, NUMERO_DOCUMENTO, USUARIO_ID_USUARIO) VALUES (?, ?, ?, ?, ?, ?, ?, ?)
	bind =&gt; [8 parameters bound]
[EL Fine]: sql: 2015-04-21 12:35:34.727--ClientSession(25429146)--SELECT 1
[EL Warning]: 2015-04-21 12:35:35.059--UnitOfWork(30998301)--Exception [EclipseLink-4002] (Eclipse Persistence Services - 2.5.2.v20140319-9ad6abd): org.eclipse.persistence.exceptions.DatabaseException
Internal Exception: com.mysql.jdbc.exceptions.jdbc4.MySQLIntegrityConstraintViolationException: Column &apos;NUMERO_DOCUMENTO&apos; cannot be null
Error Code: 1048
Call: INSERT INTO cuenta (PRIMER_APELLIDO, PRIMER_NOMBRE, SEGUNDO_APELLIDO, SEGUNDO_NOMBRE, USUARIO, TIPO_DOCUMENTO, NUMERO_DOCUMENTO, USUARIO_ID_USUARIO) VALUES (?, ?, ?, ?, ?, ?, ?, ?)
	bind =&gt; [8 parameters bound]
Query: InsertObjectQuery(edu.co.sena.tennisshop.integracion.jpa.entitis.Cuenta[ cuentaPK=edu.co.sena.tennisshop.integracion.jpa.entitis.CuentaPK[ tipoDocumento=cc, numeroDocumento=null ] ])
</system-out>
  </testcase>
</testsuite>